<?xml version="1.0" encoding="UTF-8"?>
<testng-results skipped="0" failed="0" total="1" passed="1">
  <reporter-output>
  </reporter-output>
  <suite name="Smoke" duration-ms="230453" started-at="2017-06-01T07:46:04Z" finished-at="2017-06-01T07:49:54Z">
    <groups>
    </groups>
    <test name="AppCenterWeb" duration-ms="230453" started-at="2017-06-01T07:46:04Z" finished-at="2017-06-01T07:49:54Z">
      <class name="testCases.AppCenterWeb">
        <test-method status="PASS" signature="startBrowser(java.lang.String)[pri:0, instance:testCases.AppCenterWeb@68c9d179]" name="startBrowser" is-config="true" duration-ms="2554" started-at="2017-06-01T13:16:04Z" finished-at="2017-06-01T13:16:06Z">
          <params>
            <param index="0">
              <value>
                <![CDATA[Chrome]]>
              </value>
            </param>
          </params>
          <reporter-output>
          </reporter-output>
        </test-method> <!-- startBrowser -->
        <test-method status="PASS" signature="verify_HomePage_AppImageCarousel()[pri:0, instance:testCases.AppCenterWeb@68c9d179]" name="verify_HomePage_AppImageCarousel" duration-ms="226582" started-at="2017-06-01T13:16:06Z" finished-at="2017-06-01T13:19:53Z">
          <reporter-output>
          </reporter-output>
        </test-method> <!-- verify_HomePage_AppImageCarousel -->
        <test-method status="PASS" signature="stopBrowser()[pri:0, instance:testCases.AppCenterWeb@68c9d179]" name="stopBrowser" is-config="true" duration-ms="1299" started-at="2017-06-01T13:19:53Z" finished-at="2017-06-01T13:19:54Z">
          <reporter-output>
          </reporter-output>
        </test-method> <!-- stopBrowser -->
      </class> <!-- testCases.AppCenterWeb -->
    </test> <!-- AppCenterWeb -->
  </suite> <!-- Smoke -->
</testng-results>
